<?xml version="1.0" encoding="utf-8"?><testsuites name="pytest tests"><testsuite name="pytest" errors="0" failures="0" skipped="0" tests="13" time="2.971" timestamp="2026-08-16T09:00:26.402122+00:00" hostname="agent-env-48d894e0-329c-4ba8-82c0-4c9fe5a8e230"><testcase classname="tests.test_credit_card_module" name="test_00_baseline_balanced" time="0.497" /><testcase classname="tests.test_credit_card_module" name="test_01_add_card_overdue" time="0.145" /><testcase classname="tests.test_credit_card_module" name="test_02_edit_card" time="0.136" /><testcase classname="tests.test_credit_card_module" name="test_03_add_bank" time="0.045" /><testcase classname="tests.test_credit_card_module" name="test_04_purchase_on_card" time="0.222" /><testcase classname="tests.test_credit_card_module" name="test_05_over_limit_rejected" time="0.363" /><testcase classname="tests.test_credit_card_module" name="test_06_retail_sale" time="0.237" /><testcase classname="tests.test_credit_card_module" name="test_07_pay_bill" time="0.362" /><testcase classname="tests.test_credit_card_module" name="test_08_over_payment_and_refund" time="0.222" /><testcase classname="tests.test_credit_card_module" name="test_09_statement" time="0.045" /><testcase classname="tests.test_credit_card_module" name="test_10_dashboard_aggregates" time="0.045" /><testcase classname="tests.test_credit_card_module" name="test_11_second_card_independent" time="0.349" /><testcase classname="tests.test_credit_card_module" name="test_99_cleanup" time="0.224" /></testsuite></testsuites>