<?xml version="1.0" encoding="utf-8"?><testsuites name="pytest tests"><testsuite name="pytest" errors="0" failures="0" skipped="0" tests="9" time="12.242" timestamp="2026-08-20T13:48:27.115466+00:00" hostname="agent-env-48d894e0-329c-4ba8-82c0-4c9fe5a8e230"><testcase classname="tests.test_iteration6_features" name="test_baseline_and_auth" time="0.556" /><testcase classname="tests.test_iteration6_features" name="test_soft_close_and_reopen_card" time="2.732" /><testcase classname="tests.test_iteration6_features" name="test_close_unknown_card_404" time="0.126" /><testcase classname="tests.test_iteration6_features" name="test_creditcards_active_flag_semantics" time="0.260" /><testcase classname="tests.test_iteration6_features" name="test_settings_get_put_roundtrip" time="0.848" /><testcase classname="tests.test_iteration6_features" name="test_settings_requires_auth" time="0.250" /><testcase classname="tests.test_iteration6_features" name="test_dates_stored_without_shift" time="1.334" /><testcase classname="tests.test_iteration6_features" name="test_regression_purchase_sale_paybill_gap_invariant" time="5.405" /><testcase classname="tests.test_iteration6_features" name="test_statement_shape_for_closed_card" time="0.646" /></testsuite></testsuites>