<?xml version="1.0" encoding="utf-8"?><testsuites name="pytest tests"><testsuite name="pytest" errors="0" failures="0" skipped="0" tests="8" time="6.588" timestamp="2026-08-16T09:16:43.141353+00:00" hostname="agent-env-48d894e0-329c-4ba8-82c0-4c9fe5a8e230"><testcase classname="tests.test_iteration5_features" name="test_login_and_baseline" time="0.558" /><testcase classname="tests.test_iteration5_features" name="test_reverse_generic_spend" time="1.026" /><testcase classname="tests.test_iteration5_features" name="test_reverse_payment_credits_account_back" time="1.268" /><testcase classname="tests.test_iteration5_features" name="test_reverse_refund" time="0.975" /><testcase classname="tests.test_iteration5_features" name="test_reverse_stock_purchase_charge_blocked" time="0.375" /><testcase classname="tests.test_iteration5_features" name="test_full_payoff_semantics" time="0.965" /><testcase classname="tests.test_iteration5_features" name="test_due_reminders" time="0.492" /><testcase classname="tests.test_iteration5_features" name="test_regression_purchase_and_retail_sale" time="0.856" /></testsuite></testsuites>