<?xml version="1.0" encoding="utf-8"?><testsuites name="pytest tests"><testsuite name="pytest" errors="0" failures="0" skipped="0" tests="13" time="2.978" timestamp="2026-08-16T06:28:13.405993+00:00" hostname="agent-env-48d894e0-329c-4ba8-82c0-4c9fe5a8e230"><testcase classname="tests.backend_test" name="test_login_invalid" time="0.455" /><testcase classname="tests.backend_test" name="test_auth_me" time="0.480" /><testcase classname="tests.backend_test" name="test_create_accounts" time="0.205" /><testcase classname="tests.backend_test" name="test_dashboard_initial_totals" time="0.049" /><testcase classname="tests.backend_test" name="test_retail_sale_credits_hdfc" time="0.160" /><testcase classname="tests.backend_test" name="test_wholesale_supply_then_payment" time="0.437" /><testcase classname="tests.backend_test" name="test_transfer_hdfc_to_sbi" time="0.253" /><testcase classname="tests.backend_test" name="test_negative_balance_blocked" time="0.155" /><testcase classname="tests.backend_test" name="test_ledger_running_balance" time="0.050" /><testcase classname="tests.backend_test" name="test_poonji_does_not_affect_paisa" time="0.166" /><testcase classname="tests.backend_test" name="test_stock_add_and_sell" time="0.157" /><testcase classname="tests.backend_test" name="test_credit_card_spend_and_payment" time="0.272" /><testcase classname="tests.backend_test" name="test_profit_report" time="0.055" /></testsuite></testsuites>