<?xml version="1.0" encoding="utf-8"?><testsuites name="pytest tests"><testsuite name="pytest" errors="0" failures="0" skipped="0" tests="7" time="2.110" timestamp="2026-08-16T07:01:48.050734+00:00" hostname="agent-env-48d894e0-329c-4ba8-82c0-4c9fe5a8e230"><testcase classname="tests.test_setup_dashboard" name="test_setup_flow_and_guard" time="0.632" /><testcase classname="tests.test_setup_dashboard" name="test_login_and_me" time="0.438" /><testcase classname="tests.test_setup_dashboard" name="test_seed_data" time="0.456" /><testcase classname="tests.test_setup_dashboard" name="test_dashboard_values" time="0.045" /><testcase classname="tests.test_setup_dashboard" name="test_wholesale_supply_does_not_touch_paisa" time="0.278" /><testcase classname="tests.test_setup_dashboard" name="test_transfer_paisa_unchanged" time="0.127" /><testcase classname="tests.test_setup_dashboard" name="test_negative_balance_blocked" time="0.082" /></testsuite></testsuites>